Build started 03.09.2014 19:44:45.
     1>Project "C:\Users\Tudor.Tudor.000\Documents\Visual Studio 2013\Projects\ConsoleApplication6\ConsoleApplication6\ConsoleApplication6.vcxproj" on node 2 (Build target(s)).
     1>ClCompile:
         C:\Program Files (x86)\Microsoft Visual Studio 12.0\VC\bin\CL.exe /c /ZI /nologo /W3 /WX- /Od /Oy- /D WIN32 /D _DEBUG /D _WINDOWS /D _UNICODE /D UNICODE /Gm /EHsc /RTC1 /MDd /GS /fp:precise /Zc:wchar_t /Zc:forScope /Fo"Debug\\" /Fd"Debug\vc120.pdb" /Gd /TP /analyze- /errorReport:prompt "aplicatii c.cpp"
         aplicatii c.cpp
     1>c:\users\tudor.tudor.000\documents\visual studio 2013\projects\consoleapplication6\consoleapplication6\aplicatii c.cpp(7): warning C4996: 'scanf': This function or variable may be unsafe. Consider using scanf_s instead. To disable deprecation, use _CRT_SECURE_NO_WARNINGS. See online help for details.
                 c:\program files (x86)\microsoft visual studio 12.0\vc\include\stdio.h(283) : see declaration of 'scanf'
     1>c:\users\tudor.tudor.000\documents\visual studio 2013\projects\consoleapplication6\consoleapplication6\aplicatii c.cpp(8): warning C4996: 'scanf': This function or variable may be unsafe. Consider using scanf_s instead. To disable deprecation, use _CRT_SECURE_NO_WARNINGS. See online help for details.
                 c:\program files (x86)\microsoft visual studio 12.0\vc\include\stdio.h(283) : see declaration of 'scanf'
     1>c:\users\tudor.tudor.000\documents\visual studio 2013\projects\consoleapplication6\consoleapplication6\aplicatii c.cpp(9): warning C4996: 'scanf': This function or variable may be unsafe. Consider using scanf_s instead. To disable deprecation, use _CRT_SECURE_NO_WARNINGS. See online help for details.
                 c:\program files (x86)\microsoft visual studio 12.0\vc\include\stdio.h(283) : see declaration of 'scanf'
       Link:
         C:\Program Files (x86)\Microsoft Visual Studio 12.0\VC\bin\link.exe /ERRORREPORT:PROMPT /OUT:"C:\Users\Tudor.Tudor.000\Documents\Visual Studio 2013\Projects\ConsoleApplication6\Debug\ConsoleApplication6.exe" /INCREMENTAL /NOLOGO kernel32.lib user32.lib gdi32.lib winspool.lib comdlg32.lib advapi32.lib shell32.lib ole32.lib oleaut32.lib uuid.lib odbc32.lib odbccp32.lib /MANIFEST /MANIFESTUAC:"level='asInvoker' uiAccess='false'" /manifest:embed /DEBUG /PDB:"C:\Users\Tudor.Tudor.000\Documents\Visual Studio 2013\Projects\ConsoleApplication6\Debug\ConsoleApplication6.pdb" /SUBSYSTEM:WINDOWS /TLBID:1 /DYNAMICBASE /NXCOMPAT /IMPLIB:"C:\Users\Tudor.Tudor.000\Documents\Visual Studio 2013\Projects\ConsoleApplication6\Debug\ConsoleApplication6.lib" /MACHINE:X86 "Debug\aplicatii c.obj"
     1>MSVCRTD.lib(crtexew.obj) : error LNK2019: unresolved external symbol _WinMain@16 referenced in function ___tmainCRTStartup
     1>C:\Users\Tudor.Tudor.000\Documents\Visual Studio 2013\Projects\ConsoleApplication6\Debug\ConsoleApplication6.exe : fatal error LNK1120: 1 unresolved externals
     1>Done Building Project "C:\Users\Tudor.Tudor.000\Documents\Visual Studio 2013\Projects\ConsoleApplication6\ConsoleApplication6\ConsoleApplication6.vcxproj" (Build target(s)) -- FAILED.

Build FAILED.

Time Elapsed 00:00:04.67
