Build started 02.11.2013 20:21:36.
     1>Project "c:\Users\tudor.tudor.000\documents\visual studio 2013\Projects\TestCProject\TestCProject\TestCProject.vcxproj" on node 2 (ClCompile target(s)).
     1>ClCompile:
         C:\Program Files (x86)\Microsoft Visual Studio 12.0\VC\bin\CL.exe /c /ZI /nologo /W3 /WX- /sdl /Od /Oy- /D WIN32 /D _DEBUG /D _CONSOLE /D _LIB /D _UNICODE /D UNICODE /Gm /EHsc /RTC1 /MDd /GS /fp:precise /Zc:wchar_t /Zc:forScope /Yu"stdafx.h" /Fp"Debug\TestCProject.pch" /Fo"Debug\\" /Fd"Debug\vc120.pdb" /Gd /TC /analyze- /errorReport:prompt TestCProject.c
         TestCProject.c
     1>c:\users\tudor.tudor.000\documents\visual studio 2013\projects\testcproject\testcproject\testcproject.c : fatal error C1853: 'Debug\TestCProject.pch' precompiled header file is from a previous version of the compiler, or the precompiled header is C++ and you are using it from C (or vice versa)
     1>Done Building Project "c:\Users\tudor.tudor.000\documents\visual studio 2013\Projects\TestCProject\TestCProject\TestCProject.vcxproj" (ClCompile target(s)) -- FAILED.

Build FAILED.

Time Elapsed 00:00:00.81
